\\CIB.NET\SHAREPARIS\HOME12\JCHALAL\VISUAL STUDIO 2010\PROJECTS\WALLETDLL\DEBUG\WALLETDLL.DLL
\\cib.net\shareparis\home12\jchalal\visual studio 2010\Projects\WalletDLL\Debug\WalletDLL.exp
\\CIB.NET\SHAREPARIS\HOME12\JCHALAL\VISUAL STUDIO 2010\PROJECTS\WALLETDLL\DEBUG\WALLETDLL.ILK
\\cib.net\shareparis\home12\jchalal\visual studio 2010\Projects\WalletDLL\Debug\WalletDLL.lib
\\CIB.NET\SHAREPARIS\HOME12\JCHALAL\VISUAL STUDIO 2010\PROJECTS\WALLETDLL\DEBUG\WALLETDLL.PDB
\\CIB.NET\SHAREPARIS\HOME12\JCHALAL\VISUAL STUDIO 2010\PROJECTS\WALLETDLL\WALLETDLL\DEBUG\VC100.PDB
\\CIB.NET\SHAREPARIS\HOME12\JCHALAL\VISUAL STUDIO 2010\PROJECTS\WALLETDLL\WALLETDLL\DEBUG\WALLET.OBJ
\\CIB.NET\SHAREPARIS\HOME12\JCHALAL\VISUAL STUDIO 2010\PROJECTS\WALLETDLL\WALLETDLL\DEBUG\WALLETDLL.DLL.EMBED.MANIFEST
\\CIB.NET\SHAREPARIS\HOME12\JCHALAL\VISUAL STUDIO 2010\PROJECTS\WALLETDLL\WALLETDLL\DEBUG\WALLETDLL.DLL.EMBED.MANIFEST.RES
\\CIB.NET\SHAREPARIS\HOME12\JCHALAL\VISUAL STUDIO 2010\PROJECTS\WALLETDLL\WALLETDLL\DEBUG\WALLETDLL.DLL.INTERMEDIATE.MANIFEST
H:\VISUAL STUDIO 2010\PROJECTS\WALLETDLL\DEBUG\WALLETDLL.DLL
H:\Visual Studio 2010\Projects\WalletDLL\Debug\WalletDLL.exp
H:\VISUAL STUDIO 2010\PROJECTS\WALLETDLL\DEBUG\WALLETDLL.ILK
H:\Visual Studio 2010\Projects\WalletDLL\Debug\WalletDLL.lib
H:\VISUAL STUDIO 2010\PROJECTS\WALLETDLL\DEBUG\WALLETDLL.PDB
H:\Visual Studio 2010\Projects\WalletDLL\WalletDLL\Debug\cl.command.1.tlog
H:\Visual Studio 2010\Projects\WalletDLL\WalletDLL\Debug\CL.read.1.tlog
H:\Visual Studio 2010\Projects\WalletDLL\WalletDLL\Debug\CL.write.1.tlog
H:\Visual Studio 2010\Projects\WalletDLL\WalletDLL\Debug\link.20728.read.1.tlog
H:\Visual Studio 2010\Projects\WalletDLL\WalletDLL\Debug\link.20728.write.1.tlog
H:\Visual Studio 2010\Projects\WalletDLL\WalletDLL\Debug\link.20728-cvtres.read.1.tlog
H:\Visual Studio 2010\Projects\WalletDLL\WalletDLL\Debug\link.20728-cvtres.write.1.tlog
H:\Visual Studio 2010\Projects\WalletDLL\WalletDLL\Debug\link.23568.read.1.tlog
H:\Visual Studio 2010\Projects\WalletDLL\WalletDLL\Debug\link.23568.write.1.tlog
H:\Visual Studio 2010\Projects\WalletDLL\WalletDLL\Debug\link.23568-cvtres.read.1.tlog
H:\Visual Studio 2010\Projects\WalletDLL\WalletDLL\Debug\link.23568-cvtres.write.1.tlog
H:\Visual Studio 2010\Projects\WalletDLL\WalletDLL\Debug\link.29568.read.1.tlog
H:\Visual Studio 2010\Projects\WalletDLL\WalletDLL\Debug\link.29568.write.1.tlog
H:\Visual Studio 2010\Projects\WalletDLL\WalletDLL\Debug\link.29568-cvtres.read.1.tlog
H:\Visual Studio 2010\Projects\WalletDLL\WalletDLL\Debug\link.29568-cvtres.write.1.tlog
H:\Visual Studio 2010\Projects\WalletDLL\WalletDLL\Debug\link.37144.read.1.tlog
H:\Visual Studio 2010\Projects\WalletDLL\WalletDLL\Debug\link.37144.write.1.tlog
H:\Visual Studio 2010\Projects\WalletDLL\WalletDLL\Debug\link.37144-cvtres.read.1.tlog
H:\Visual Studio 2010\Projects\WalletDLL\WalletDLL\Debug\link.37144-cvtres.write.1.tlog
H:\Visual Studio 2010\Projects\WalletDLL\WalletDLL\Debug\link.38336.read.1.tlog
H:\Visual Studio 2010\Projects\WalletDLL\WalletDLL\Debug\link.38336.write.1.tlog
H:\Visual Studio 2010\Projects\WalletDLL\WalletDLL\Debug\link.38336-cvtres.read.1.tlog
H:\Visual Studio 2010\Projects\WalletDLL\WalletDLL\Debug\link.38336-cvtres.write.1.tlog
H:\Visual Studio 2010\Projects\WalletDLL\WalletDLL\Debug\link.command.1.tlog
H:\Visual Studio 2010\Projects\WalletDLL\WalletDLL\Debug\link.read.1.tlog
H:\Visual Studio 2010\Projects\WalletDLL\WalletDLL\Debug\link.write.1.tlog
H:\Visual Studio 2010\Projects\WalletDLL\WalletDLL\Debug\link-cvtres.read.1.tlog
H:\Visual Studio 2010\Projects\WalletDLL\WalletDLL\Debug\link-cvtres.write.1.tlog
H:\Visual Studio 2010\Projects\WalletDLL\WalletDLL\Debug\mt.command.1.tlog
H:\Visual Studio 2010\Projects\WalletDLL\WalletDLL\Debug\mt.read.1.tlog
H:\Visual Studio 2010\Projects\WalletDLL\WalletDLL\Debug\mt.write.1.tlog
H:\Visual Studio 2010\Projects\WalletDLL\WalletDLL\Debug\rc.command.1.tlog
H:\Visual Studio 2010\Projects\WalletDLL\WalletDLL\Debug\rc.read.1.tlog
H:\Visual Studio 2010\Projects\WalletDLL\WalletDLL\Debug\rc.write.1.tlog
H:\Visual Studio 2010\Projects\WalletDLL\WalletDLL\Debug\vc100.idb
H:\VISUAL STUDIO 2010\PROJECTS\WALLETDLL\WALLETDLL\DEBUG\VC100.PDB
H:\VISUAL STUDIO 2010\PROJECTS\WALLETDLL\WALLETDLL\DEBUG\WALLET.OBJ
H:\Visual Studio 2010\Projects\WalletDLL\WalletDLL\Debug\WalletDLL.dll.embed.manifest
H:\VISUAL STUDIO 2010\PROJECTS\WALLETDLL\WALLETDLL\DEBUG\WALLETDLL.DLL.EMBED.MANIFEST.RES
H:\VISUAL STUDIO 2010\PROJECTS\WALLETDLL\WALLETDLL\DEBUG\WALLETDLL.DLL.INTERMEDIATE.MANIFEST
H:\Visual Studio 2010\Projects\WalletDLL\WalletDLL\Debug\WalletDLL.vcxprojResolveAssemblyReference.cache
H:\Visual Studio 2010\Projects\WalletDLL\WalletDLL\Debug\WalletDLL.write.1.tlog
H:\Visual Studio 2010\Projects\WalletDLL\WalletDLL\Debug\WalletDLL_manifest.rc
